<?xml version="1.0" encoding="UTF-8"?>
<!-- Generated by org.testng.reporters.JUnitReportReporter -->
<testsuite hostname="Guruneeths-Air" failures="0" tests="1" name="SumValidation" time="0.448" errors="0" timestamp="2022-01-09T20:04:42 IST" skipped="0">
  <testcase classname="SumValidation" name="sumOfCourses" time="0.448"/>
  <system-out/>
</testsuite> <!-- SumValidation -->
